#
# A fatal error has been detected by the Java Runtime Environment:
#
#  EXCEPTION_ACCESS_VIOLATION (0xc0000005) at pc=0x00007ffc8b2dae2d, pid=4152, tid=21004
#
# JRE version: OpenJDK Runtime Environment (11.0.2+9) (build 11.0.2+9)
# Java VM: OpenJDK 64-Bit Server VM (11.0.2+9, mixed mode, tiered, compressed oops, g1 gc, windows-amd64)
# Problematic frame:
# V  [jvm.dll+0x33ae2d]
#
# No core dump will be written. Minidumps are not enabled by default on client versions of Windows
#
# If you would like to submit a bug report, please visit:
#   http://bugreport.java.com/bugreport/crash.jsp
#

---------------  S U M M A R Y ------------

Command Line: -javaagent:C:\Program Files\JetBrains\IntelliJ IDEA Community Edition 2023.2.2\lib\idea_rt.jar=52173:C:\Program Files\JetBrains\IntelliJ IDEA Community Edition 2023.2.2\bin -Dfile.encoding=UTF-8 com.elitsoft.proyectoCuestionario_backend.ProyectoCuestionarioBackendApplication

Host: AMD Ryzen 7 3700U with Radeon Vega Mobile Gfx  , 8 cores, 13G,  Windows 10 , 64 bit Build 22621 (10.0.22621.2506)
Time: Mon Nov 13 10:58:17 2023 Hora verano Sudamérica Pacífico elapsed time: 12 seconds (0d 0h 0m 12s)

---------------  T H R E A D  ---------------

Current thread (0x0000017342c7b000):  JavaThread "C2 CompilerThread1" daemon [_thread_in_native, id=21004, stack(0x00000018c1700000,0x00000018c1800000)]


Current CompileTask:
C2:  12656 3369       4       org.springframework.core.ResolvableType::<init> (39 bytes)

Stack: [0x00000018c1700000,0x00000018c1800000],  sp=0x00000018c17fb870,  free space=1006k
Native frames: (J=compiled Java code, j=interpreted, Vv=VM code, C=native code)
V  [jvm.dll+0x33ae2d]
V  [jvm.dll+0x33bf73]
V  [jvm.dll+0x339903]
V  [jvm.dll+0x338eea]
V  [jvm.dll+0x2189c5]
V  [jvm.dll+0x217b6a]
V  [jvm.dll+0x194370]
V  [jvm.dll+0x226b3f]
V  [jvm.dll+0x225148]
V  [jvm.dll+0x73774d]
V  [jvm.dll+0x633942]
C  [ucrtbase.dll+0x29363]
C  [KERNEL32.DLL+0x1257d]
C  [ntdll.dll+0x5aa58]


siginfo: EXCEPTION_ACCESS_VIOLATION (0xc0000005), reading address 0xffffffffffffffff


Register to memory mapping:

RIP=0x00007ffc8b2dae2d jvm.dll
RAX=0x0000000000000001 is an unknown value
RBX=0x000401734729dd10 is an unknown value
RCX=0x0000017342264160 points into unknown readable memory: 50 8a 87 8b fc 7f 00 00
RDX=0x00000018c17fb9d0 is pointing into the stack for thread: 0x0000017342c7b000
RSP=0x00000018c17fb870 is pointing into the stack for thread: 0x0000017342c7b000
RBP=0x0000017347856f68 points into unknown readable memory: 50 01 77 8b fc 7f 00 00
RSI=0x000001734733bc00 points into unknown readable memory: c0 fd 7d 8b fc 7f 00 00
RDI=0x0000000000000001 is an unknown value
R8 =0x0000017347856f68 points into unknown readable memory: 50 01 77 8b fc 7f 00 00
R9 =0x00000018c17fb9d0 is pointing into the stack for thread: 0x0000017342c7b000
R10=0x0000017343a5cf20 points into unknown readable memory: 00 bc 33 47 73 01 00 00
R11=0x0000017343a5cf40 points into unknown readable memory: d0 dc 29 47 73 01 00 00
R12=0x000001734729de00 points into unknown readable memory: 03 00 00 00 73 01 00 00
R13=0x00000173459e3ef0 points into unknown readable memory: c0 04 1d 43 73 01 00 00
R14=0x00000018c17fb8e0 is pointing into the stack for thread: 0x0000017342c7b000
R15=0x00000000000005b7 is an unknown value


Registers:
RAX=0x0000000000000001, RBX=0x000401734729dd10, RCX=0x0000017342264160, RDX=0x00000018c17fb9d0
RSP=0x00000018c17fb870, RBP=0x0000017347856f68, RSI=0x000001734733bc00, RDI=0x0000000000000001
R8 =0x0000017347856f68, R9 =0x00000018c17fb9d0, R10=0x0000017343a5cf20, R11=0x0000017343a5cf40
R12=0x000001734729de00, R13=0x00000173459e3ef0, R14=0x00000018c17fb8e0, R15=0x00000000000005b7
RIP=0x00007ffc8b2dae2d, EFLAGS=0x0000000000010202

Top of Stack: (sp=0x00000018c17fb870)
0x00000018c17fb870:   0000001800000000 00000018c17fbe30
0x00000018c17fb880:   00000018c17fbe30 0000017347856858
0x00000018c17fb890:   00000018c17fbe30 0000017347856998
0x00000018c17fb8a0:   0000017347856901 000001734733bdb0
0x00000018c17fb8b0:   0000017347856a20 00007ffc8b2dbf73
0x00000018c17fb8c0:   00000018c17fbe30 000001734733bc60
0x00000018c17fb8d0:   0000000000000000 0000017347856858
0x00000018c17fb8e0:   00000018c17fb9d0 00000018c17fb980
0x00000018c17fb8f0:   00000018c17fbe30 0000017345599340
0x00000018c17fb900:   00000173436c67e8 0000000000000000
0x00000018c17fb910:   0000017345cfb8f0 00007ffc8b7e3988
0x00000018c17fb920:   00000018c17fba30 00007ffc8b2d9903
0x00000018c17fb930:   0000017342e28140 0000017345599340
0x00000018c17fb940:   00000018c17fbe30 0000017343b98a80
0x00000018c17fb950:   0000017343b98a80 00007ffd3dda9728
0x00000018c17fb960:   000001731d1f0000 000001731d1f0000 

Instructions: (pc=0x00007ffc8b2dae2d)
0x00007ffc8b2dae0d:   48 78 48 8b 04 d1 44 8b 78 68 85 ff 0f 84 c3 00
0x00007ffc8b2dae1d:   00 00 90 48 8b 5e 10 ff cf 49 8b 16 48 8b 1c fb
0x00007ffc8b2dae2d:   8b 4b 28 8b c1 c1 e8 05 3b 42 10 73 19 44 8b c0
0x00007ffc8b2dae3d:   83 e1 1f 48 8b 42 18 ba 01 00 00 00 d3 e2 42 8b 


Stack slot to memory mapping:
stack at sp + 0 slots: 0x0000001800000000 is an unknown value
stack at sp + 1 slots: 0x00000018c17fbe30 is pointing into the stack for thread: 0x0000017342c7b000
stack at sp + 2 slots: 0x00000018c17fbe30 is pointing into the stack for thread: 0x0000017342c7b000
stack at sp + 3 slots: 0x0000017347856858 points into unknown readable memory: e0 9e 77 8b fc 7f 00 00
stack at sp + 4 slots: 0x00000018c17fbe30 is pointing into the stack for thread: 0x0000017342c7b000
stack at sp + 5 slots: 0x0000017347856998 points into unknown readable memory: 00 00 00 00 00 00 00 00
stack at sp + 6 slots: 0x0000017347856901 points into unknown readable memory: 00 00 00 00 00 00 00
stack at sp + 7 slots: 0x000001734733bdb0 points into unknown readable memory: 30 46 7e 8b fc 7f 00 00


---------------  P R O C E S S  ---------------

Threads class SMR info:
_java_thread_list=0x0000017342c78a40, length=15, elements={
0x000001731f34f800, 0x00000173421d0000, 0x00000173421dc000, 0x000001734223f800,
0x0000017342240800, 0x0000017342242000, 0x0000017342245800, 0x0000017342248000,
0x0000017341962800, 0x00000173424bf000, 0x00000173427f1800, 0x0000017342b81800,
0x0000017343708000, 0x0000017342c7b000, 0x000001734623e000
}

Java Threads: ( => current thread )
  0x000001731f34f800 JavaThread "main" [_thread_blocked, id=17012, stack(0x00000018c0500000,0x00000018c0600000)]
  0x00000173421d0000 JavaThread "Reference Handler" daemon [_thread_blocked, id=22336, stack(0x00000018c0c00000,0x00000018c0d00000)]
  0x00000173421dc000 JavaThread "Finalizer" daemon [_thread_blocked, id=11344, stack(0x00000018c0d00000,0x00000018c0e00000)]
  0x000001734223f800 JavaThread "Signal Dispatcher" daemon [_thread_blocked, id=15860, stack(0x00000018c0e00000,0x00000018c0f00000)]
  0x0000017342240800 JavaThread "Attach Listener" daemon [_thread_blocked, id=9332, stack(0x00000018c0f00000,0x00000018c1000000)]
  0x0000017342242000 JavaThread "C2 CompilerThread0" daemon [_thread_in_native, id=21652, stack(0x00000018c1000000,0x00000018c1100000)]
  0x0000017342245800 JavaThread "C1 CompilerThread0" daemon [_thread_blocked, id=14096, stack(0x00000018c1100000,0x00000018c1200000)]
  0x0000017342248000 JavaThread "Sweeper thread" daemon [_thread_blocked, id=15552, stack(0x00000018c1200000,0x00000018c1300000)]
  0x0000017341962800 JavaThread "Common-Cleaner" daemon [_thread_blocked, id=20988, stack(0x00000018c1300000,0x00000018c1400000)]
  0x00000173424bf000 JavaThread "Monitor Ctrl-Break" daemon [_thread_in_native, id=11972, stack(0x00000018c1400000,0x00000018c1500000)]
  0x00000173427f1800 JavaThread "Service Thread" daemon [_thread_blocked, id=21080, stack(0x00000018c1500000,0x00000018c1600000)]
  0x0000017342b81800 JavaThread "Thread-0" [_thread_blocked, id=18396, stack(0x00000018c1c00000,0x00000018c1d00000)]
  0x0000017343708000 JavaThread "restartedMain" [_thread_in_native, id=21540, stack(0x00000018c1d00000,0x00000018c1e00000)]
=>0x0000017342c7b000 JavaThread "C2 CompilerThread1" daemon [_thread_in_native, id=21004, stack(0x00000018c1700000,0x00000018c1800000)]
  0x000001734623e000 JavaThread "C2 CompilerThread2" daemon [_thread_in_native, id=12524, stack(0x00000018c1e00000,0x00000018c1f00000)]

Other Threads:
  0x00000173421a6000 VMThread "VM Thread" [stack: 0x00000018c0b00000,0x00000018c0c00000] [id=13320]
  0x00000173429ac800 WatcherThread [stack: 0x00000018c1600000,0x00000018c1700000] [id=12584]
  0x000001731f368000 GCTaskThread "GC Thread#0" [stack: 0x00000018c0600000,0x00000018c0700000] [id=21536]
  0x0000017343741800 GCTaskThread "GC Thread#1" [stack: 0x00000018c1800000,0x00000018c1900000] [id=19172]
  0x00000173431c2000 GCTaskThread "GC Thread#2" [stack: 0x00000018c1900000,0x00000018c1a00000] [id=5064]
  0x0000017342d4f000 GCTaskThread "GC Thread#3" [stack: 0x00000018c1a00000,0x00000018c1b00000] [id=12460]
  0x00000173432d0000 GCTaskThread "GC Thread#4" [stack: 0x00000018c1b00000,0x00000018c1c00000] [id=2884]
  0x0000017343b38800 GCTaskThread "GC Thread#5" [stack: 0x00000018c1f00000,0x00000018c2000000] [id=9288]
  0x0000017343806000 GCTaskThread "GC Thread#6" [stack: 0x00000018c2000000,0x00000018c2100000] [id=3976]
  0x00000173436b4000 GCTaskThread "GC Thread#7" [stack: 0x00000018c2100000,0x00000018c2200000] [id=22344]
  0x000001731f3b9800 ConcurrentGCThread "G1 Main Marker" [stack: 0x00000018c0700000,0x00000018c0800000] [id=3584]
  0x000001731f3bc000 ConcurrentGCThread "G1 Conc#0" [stack: 0x00000018c0800000,0x00000018c0900000] [id=12508]
  0x0000017343976800 ConcurrentGCThread "G1 Conc#1" [stack: 0x00000018c2200000,0x00000018c2300000] [id=8484]
  0x000001734180c800 ConcurrentGCThread "G1 Refine#0" [stack: 0x00000018c0900000,0x00000018c0a00000] [id=18756]
  0x000001734180e800 ConcurrentGCThread "G1 Young RemSet Sampling" [stack: 0x00000018c0a00000,0x00000018c0b00000] [id=20936]

Threads with active compile tasks:
C2 CompilerThread03420       4       org.springframework.core.ResolvableType::as (86 bytes)
C2 CompilerThread13369       4       org.springframework.core.ResolvableType::<init> (39 bytes)
C2 CompilerThread23417       4       org.springframework.beans.factory.support.AbstractBeanFactory::isTypeMatch (607 bytes)

VM state:not at safepoint (normal execution)

VM Mutex/Monitor currently owned by a thread: None

Heap address: 0x0000000721400000, size: 3564 MB, Compressed Oops mode: Zero based, Oop shift amount: 3
Narrow klass base: 0x0000000800000000, Narrow klass shift: 0
Compressed class space size: 1073741824 Address: 0x0000000800000000

Heap:
 garbage-first heap   total 229376K, used 90235K [0x0000000721400000, 0x0000000800000000)
  region size 1024K, 87 young (89088K), 8 survivors (8192K)
 Metaspace       used 33898K, capacity 34743K, committed 34816K, reserved 1079296K
  class space    used 4007K, capacity 4342K, committed 4352K, reserved 1048576K
Heap Regions: E=young(eden), S=young(survivor), O=old, HS=humongous(starts), HC=humongous(continues), CS=collection set, F=free, A=archive, TAMS=top-at-mark-start (previous, next)
|   0|0x0000000721400000, 0x0000000721500000, 0x0000000721500000|100%|HS|  |TAMS 0x0000000721500000, 0x0000000721400000| Complete 
|   1|0x0000000721500000, 0x0000000721600000, 0x0000000721600000|100%| O|  |TAMS 0x0000000721600000, 0x0000000721500000| Untracked 
|   2|0x0000000721600000, 0x0000000721700000, 0x0000000721700000|100%| O|  |TAMS 0x0000000721700000, 0x0000000721600000| Untracked 
|   3|0x0000000721700000, 0x0000000721774e00, 0x0000000721800000| 45%| O|  |TAMS 0x0000000721774e00, 0x0000000721700000| Untracked 
|   4|0x0000000721800000, 0x0000000721800000, 0x0000000721900000|  0%| F|  |TAMS 0x0000000721800000, 0x0000000721800000| Untracked 
|   5|0x0000000721900000, 0x0000000721900000, 0x0000000721a00000|  0%| F|  |TAMS 0x0000000721900000, 0x0000000721900000| Untracked 
|   6|0x0000000721a00000, 0x0000000721a00000, 0x0000000721b00000|  0%| F|  |TAMS 0x0000000721a00000, 0x0000000721a00000| Untracked 
|   7|0x0000000721b00000, 0x0000000721b00000, 0x0000000721c00000|  0%| F|  |TAMS 0x0000000721b00000, 0x0000000721b00000| Untracked 
|   8|0x0000000721c00000, 0x0000000721c00000, 0x0000000721d00000|  0%| F|  |TAMS 0x0000000721c00000, 0x0000000721c00000| Untracked 
|   9|0x0000000721d00000, 0x0000000721d00000, 0x0000000721e00000|  0%| F|  |TAMS 0x0000000721d00000, 0x0000000721d00000| Untracked 
|  10|0x0000000721e00000, 0x0000000721e00000, 0x0000000721f00000|  0%| F|  |TAMS 0x0000000721e00000, 0x0000000721e00000| Untracked 
|  11|0x0000000721f00000, 0x0000000721f00000, 0x0000000722000000|  0%| F|  |TAMS 0x0000000721f00000, 0x0000000721f00000| Untracked 
|  12|0x0000000722000000, 0x0000000722000000, 0x0000000722100000|  0%| F|  |TAMS 0x0000000722000000, 0x0000000722000000| Untracked 
|  13|0x0000000722100000, 0x0000000722100000, 0x0000000722200000|  0%| F|  |TAMS 0x0000000722100000, 0x0000000722100000| Untracked 
|  14|0x0000000722200000, 0x0000000722200000, 0x0000000722300000|  0%| F|  |TAMS 0x0000000722200000, 0x0000000722200000| Untracked 
|  15|0x0000000722300000, 0x0000000722300000, 0x0000000722400000|  0%| F|  |TAMS 0x0000000722300000, 0x0000000722300000| Untracked 
|  16|0x0000000722400000, 0x0000000722400000, 0x0000000722500000|  0%| F|  |TAMS 0x0000000722400000, 0x0000000722400000| Untracked 
|  17|0x0000000722500000, 0x0000000722500000, 0x0000000722600000|  0%| F|  |TAMS 0x0000000722500000, 0x0000000722500000| Untracked 
|  18|0x0000000722600000, 0x0000000722600000, 0x0000000722700000|  0%| F|  |TAMS 0x0000000722600000, 0x0000000722600000| Untracked 
|  19|0x0000000722700000, 0x0000000722700000, 0x0000000722800000|  0%| F|  |TAMS 0x0000000722700000, 0x0000000722700000| Untracked 
|  20|0x0000000722800000, 0x0000000722800000, 0x0000000722900000|  0%| F|  |TAMS 0x0000000722800000, 0x0000000722800000| Untracked 
|  21|0x0000000722900000, 0x0000000722900000, 0x0000000722a00000|  0%| F|  |TAMS 0x0000000722900000, 0x0000000722900000| Untracked 
|  22|0x0000000722a00000, 0x0000000722a00000, 0x0000000722b00000|  0%| F|  |TAMS 0x0000000722a00000, 0x0000000722a00000| Untracked 
|  23|0x0000000722b00000, 0x0000000722b00000, 0x0000000722c00000|  0%| F|  |TAMS 0x0000000722b00000, 0x0000000722b00000| Untracked 
|  24|0x0000000722c00000, 0x0000000722c00000, 0x0000000722d00000|  0%| F|  |TAMS 0x0000000722c00000, 0x0000000722c00000| Untracked 
|  25|0x0000000722d00000, 0x0000000722d00000, 0x0000000722e00000|  0%| F|  |TAMS 0x0000000722d00000, 0x0000000722d00000| Untracked 
|  26|0x0000000722e00000, 0x0000000722e00000, 0x0000000722f00000|  0%| F|  |TAMS 0x0000000722e00000, 0x0000000722e00000| Untracked 
|  27|0x0000000722f00000, 0x0000000722f00000, 0x0000000723000000|  0%| F|  |TAMS 0x0000000722f00000, 0x0000000722f00000| Untracked 
|  28|0x0000000723000000, 0x0000000723000000, 0x0000000723100000|  0%| F|  |TAMS 0x0000000723000000, 0x0000000723000000| Untracked 
|  29|0x0000000723100000, 0x0000000723100000, 0x0000000723200000|  0%| F|  |TAMS 0x0000000723100000, 0x0000000723100000| Untracked 
|  30|0x0000000723200000, 0x0000000723200000, 0x0000000723300000|  0%| F|  |TAMS 0x0000000723200000, 0x0000000723200000| Untracked 
|  31|0x0000000723300000, 0x0000000723300000, 0x0000000723400000|  0%| F|  |TAMS 0x0000000723300000, 0x0000000723300000| Untracked 
|  32|0x0000000723400000, 0x0000000723400000, 0x0000000723500000|  0%| F|  |TAMS 0x0000000723400000, 0x0000000723400000| Untracked 
|  33|0x0000000723500000, 0x0000000723500000, 0x0000000723600000|  0%| F|  |TAMS 0x0000000723500000, 0x0000000723500000| Untracked 
|  34|0x0000000723600000, 0x0000000723600000, 0x0000000723700000|  0%| F|  |TAMS 0x0000000723600000, 0x0000000723600000| Untracked 
|  35|0x0000000723700000, 0x0000000723700000, 0x0000000723800000|  0%| F|  |TAMS 0x0000000723700000, 0x0000000723700000| Untracked 
|  36|0x0000000723800000, 0x0000000723800000, 0x0000000723900000|  0%| F|  |TAMS 0x0000000723800000, 0x0000000723800000| Untracked 
|  37|0x0000000723900000, 0x0000000723900000, 0x0000000723a00000|  0%| F|  |TAMS 0x0000000723900000, 0x0000000723900000| Untracked 
|  38|0x0000000723a00000, 0x0000000723a00000, 0x0000000723b00000|  0%| F|  |TAMS 0x0000000723a00000, 0x0000000723a00000| Untracked 
|  39|0x0000000723b00000, 0x0000000723b00000, 0x0000000723c00000|  0%| F|  |TAMS 0x0000000723b00000, 0x0000000723b00000| Untracked 
|  40|0x0000000723c00000, 0x0000000723c00000, 0x0000000723d00000|  0%| F|  |TAMS 0x0000000723c00000, 0x0000000723c00000| Untracked 
|  41|0x0000000723d00000, 0x0000000723d00000, 0x0000000723e00000|  0%| F|  |TAMS 0x0000000723d00000, 0x0000000723d00000| Untracked 
|  42|0x0000000723e00000, 0x0000000723e00000, 0x0000000723f00000|  0%| F|  |TAMS 0x0000000723e00000, 0x0000000723e00000| Untracked 
|  43|0x0000000723f00000, 0x0000000723f00000, 0x0000000724000000|  0%| F|  |TAMS 0x0000000723f00000, 0x0000000723f00000| Untracked 
|  44|0x0000000724000000, 0x0000000724000000, 0x0000000724100000|  0%| F|  |TAMS 0x0000000724000000, 0x0000000724000000| Untracked 
|  45|0x0000000724100000, 0x0000000724100000, 0x0000000724200000|  0%| F|  |TAMS 0x0000000724100000, 0x0000000724100000| Untracked 
|  46|0x0000000724200000, 0x0000000724200000, 0x0000000724300000|  0%| F|  |TAMS 0x0000000724200000, 0x0000000724200000| Untracked 
|  47|0x0000000724300000, 0x0000000724300000, 0x0000000724400000|  0%| F|  |TAMS 0x0000000724300000, 0x0000000724300000| Untracked 
|  48|0x0000000724400000, 0x0000000724400000, 0x0000000724500000|  0%| F|  |TAMS 0x0000000724400000, 0x0000000724400000| Untracked 
|  49|0x0000000724500000, 0x0000000724500000, 0x0000000724600000|  0%| F|  |TAMS 0x0000000724500000, 0x0000000724500000| Untracked 
|  50|0x0000000724600000, 0x0000000724600000, 0x0000000724700000|  0%| F|  |TAMS 0x0000000724600000, 0x0000000724600000| Untracked 
|  51|0x0000000724700000, 0x0000000724700000, 0x0000000724800000|  0%| F|  |TAMS 0x0000000724700000, 0x0000000724700000| Untracked 
|  52|0x0000000724800000, 0x0000000724800000, 0x0000000724900000|  0%| F|  |TAMS 0x0000000724800000, 0x0000000724800000| Untracked 
|  53|0x0000000724900000, 0x0000000724900000, 0x0000000724a00000|  0%| F|  |TAMS 0x0000000724900000, 0x0000000724900000| Untracked 
|  54|0x0000000724a00000, 0x0000000724a00000, 0x0000000724b00000|  0%| F|  |TAMS 0x0000000724a00000, 0x0000000724a00000| Untracked 
|  55|0x0000000724b00000, 0x0000000724b00000, 0x0000000724c00000|  0%| F|  |TAMS 0x0000000724b00000, 0x0000000724b00000| Untracked 
|  56|0x0000000724c00000, 0x0000000724c00000, 0x0000000724d00000|  0%| F|  |TAMS 0x0000000724c00000, 0x0000000724c00000| Untracked 
|  57|0x0000000724d00000, 0x0000000724d00000, 0x0000000724e00000|  0%| F|  |TAMS 0x0000000724d00000, 0x0000000724d00000| Untracked 
|  58|0x0000000724e00000, 0x0000000724e00000, 0x0000000724f00000|  0%| F|  |TAMS 0x0000000724e00000, 0x0000000724e00000| Untracked 
|  59|0x0000000724f00000, 0x0000000724f00000, 0x0000000725000000|  0%| F|  |TAMS 0x0000000724f00000, 0x0000000724f00000| Untracked 
|  60|0x0000000725000000, 0x0000000725000000, 0x0000000725100000|  0%| F|  |TAMS 0x0000000725000000, 0x0000000725000000| Untracked 
|  61|0x0000000725100000, 0x0000000725100000, 0x0000000725200000|  0%| F|  |TAMS 0x0000000725100000, 0x0000000725100000| Untracked 
|  62|0x0000000725200000, 0x0000000725200000, 0x0000000725300000|  0%| F|  |TAMS 0x0000000725200000, 0x0000000725200000| Untracked 
|  63|0x0000000725300000, 0x0000000725300000, 0x0000000725400000|  0%| F|  |TAMS 0x0000000725300000, 0x0000000725300000| Untracked 
|  64|0x0000000725400000, 0x0000000725400000, 0x0000000725500000|  0%| F|  |TAMS 0x0000000725400000, 0x0000000725400000| Untracked 
|  65|0x0000000725500000, 0x0000000725500000, 0x0000000725600000|  0%| F|  |TAMS 0x0000000725500000, 0x0000000725500000| Untracked 
|  66|0x0000000725600000, 0x0000000725600000, 0x0000000725700000|  0%| F|  |TAMS 0x0000000725600000, 0x0000000725600000| Untracked 
|  67|0x0000000725700000, 0x0000000725700000, 0x0000000725800000|  0%| F|  |TAMS 0x0000000725700000, 0x0000000725700000| Untracked 
|  68|0x0000000725800000, 0x0000000725800000, 0x0000000725900000|  0%| F|  |TAMS 0x0000000725800000, 0x0000000725800000| Untracked 
|  69|0x0000000725900000, 0x0000000725900000, 0x0000000725a00000|  0%| F|  |TAMS 0x0000000725900000, 0x0000000725900000| Untracked 
|  70|0x0000000725a00000, 0x0000000725a00000, 0x0000000725b00000|  0%| F|  |TAMS 0x0000000725a00000, 0x0000000725a00000| Untracked 
|  71|0x0000000725b00000, 0x0000000725b00000, 0x0000000725c00000|  0%| F|  |TAMS 0x0000000725b00000, 0x0000000725b00000| Untracked 
|  72|0x0000000725c00000, 0x0000000725c00000, 0x0000000725d00000|  0%| F|  |TAMS 0x0000000725c00000, 0x0000000725c00000| Untracked 
|  73|0x0000000725d00000, 0x0000000725d00000, 0x0000000725e00000|  0%| F|  |TAMS 0x0000000725d00000, 0x0000000725d00000| Untracked 
|  74|0x0000000725e00000, 0x0000000725e00000, 0x0000000725f00000|  0%| F|  |TAMS 0x0000000725e00000, 0x0000000725e00000| Untracked 
|  75|0x0000000725f00000, 0x0000000725f00000, 0x0000000726000000|  0%| F|  |TAMS 0x0000000725f00000, 0x0000000725f00000| Untracked 
|  76|0x0000000726000000, 0x0000000726000000, 0x0000000726100000|  0%| F|  |TAMS 0x0000000726000000, 0x0000000726000000| Untracked 
|  77|0x0000000726100000, 0x0000000726100000, 0x0000000726200000|  0%| F|  |TAMS 0x0000000726100000, 0x0000000726100000| Untracked 
|  78|0x0000000726200000, 0x0000000726200000, 0x0000000726300000|  0%| F|  |TAMS 0x0000000726200000, 0x0000000726200000| Untracked 
|  79|0x0000000726300000, 0x0000000726300000, 0x0000000726400000|  0%| F|  |TAMS 0x0000000726300000, 0x0000000726300000| Untracked 
|  80|0x0000000726400000, 0x0000000726400000, 0x0000000726500000|  0%| F|  |TAMS 0x0000000726400000, 0x0000000726400000| Untracked 
|  81|0x0000000726500000, 0x0000000726500000, 0x0000000726600000|  0%| F|  |TAMS 0x0000000726500000, 0x0000000726500000| Untracked 
|  82|0x0000000726600000, 0x0000000726600000, 0x0000000726700000|  0%| F|  |TAMS 0x0000000726600000, 0x0000000726600000| Untracked 
|  83|0x0000000726700000, 0x0000000726700000, 0x0000000726800000|  0%| F|  |TAMS 0x0000000726700000, 0x0000000726700000| Untracked 
|  84|0x0000000726800000, 0x0000000726800000, 0x0000000726900000|  0%| F|  |TAMS 0x0000000726800000, 0x0000000726800000| Untracked 
|  85|0x0000000726900000, 0x0000000726900000, 0x0000000726a00000|  0%| F|  |TAMS 0x0000000726900000, 0x0000000726900000| Untracked 
|  86|0x0000000726a00000, 0x0000000726a00000, 0x0000000726b00000|  0%| F|  |TAMS 0x0000000726a00000, 0x0000000726a00000| Untracked 
|  87|0x0000000726b00000, 0x0000000726b00000, 0x0000000726c00000|  0%| F|  |TAMS 0x0000000726b00000, 0x0000000726b00000| Untracked 
|  88|0x0000000726c00000, 0x0000000726c00000, 0x0000000726d00000|  0%| F|  |TAMS 0x0000000726c00000, 0x0000000726c00000| Untracked 
|  89|0x0000000726d00000, 0x0000000726d00000, 0x0000000726e00000|  0%| F|  |TAMS 0x0000000726d00000, 0x0000000726d00000| Untracked 
|  90|0x0000000726e00000, 0x0000000726e00000, 0x0000000726f00000|  0%| F|  |TAMS 0x0000000726e00000, 0x0000000726e00000| Untracked 
|  91|0x0000000726f00000, 0x0000000726f00000, 0x0000000727000000|  0%| F|  |TAMS 0x0000000726f00000, 0x0000000726f00000| Untracked 
|  92|0x0000000727000000, 0x0000000727000000, 0x0000000727100000|  0%| F|  |TAMS 0x0000000727000000, 0x0000000727000000| Untracked 
|  93|0x0000000727100000, 0x0000000727100000, 0x0000000727200000|  0%| F|  |TAMS 0x0000000727100000, 0x0000000727100000| Untracked 
|  94|0x0000000727200000, 0x0000000727200000, 0x0000000727300000|  0%| F|  |TAMS 0x0000000727200000, 0x0000000727200000| Untracked 
|  95|0x0000000727300000, 0x0000000727300000, 0x0000000727400000|  0%| F|  |TAMS 0x0000000727300000, 0x0000000727300000| Untracked 
|  96|0x0000000727400000, 0x0000000727400000, 0x0000000727500000|  0%| F|  |TAMS 0x0000000727400000, 0x0000000727400000| Untracked 
|  97|0x0000000727500000, 0x0000000727500000, 0x0000000727600000|  0%| F|  |TAMS 0x0000000727500000, 0x0000000727500000| Untracked 
|  98|0x0000000727600000, 0x0000000727600000, 0x0000000727700000|  0%| F|  |TAMS 0x0000000727600000, 0x0000000727600000| Untracked 
|  99|0x0000000727700000, 0x0000000727700000, 0x0000000727800000|  0%| F|  |TAMS 0x0000000727700000, 0x0000000727700000| Untracked 
| 100|0x0000000727800000, 0x0000000727800000, 0x0000000727900000|  0%| F|  |TAMS 0x0000000727800000, 0x0000000727800000| Untracked 
| 101|0x0000000727900000, 0x0000000727900000, 0x0000000727a00000|  0%| F|  |TAMS 0x0000000727900000, 0x0000000727900000| Untracked 
| 102|0x0000000727a00000, 0x0000000727a00000, 0x0000000727b00000|  0%| F|  |TAMS 0x0000000727a00000, 0x0000000727a00000| Untracked 
| 103|0x0000000727b00000, 0x0000000727b00000, 0x0000000727c00000|  0%| F|  |TAMS 0x0000000727b00000, 0x0000000727b00000| Untracked 
| 104|0x0000000727c00000, 0x0000000727c00000, 0x0000000727d00000|  0%| F|  |TAMS 0x0000000727c00000, 0x0000000727c00000| Untracked 
| 105|0x0000000727d00000, 0x0000000727d00000, 0x0000000727e00000|  0%| F|  |TAMS 0x0000000727d00000, 0x0000000727d00000| Untracked 
| 106|0x0000000727e00000, 0x0000000727e00000, 0x0000000727f00000|  0%| F|  |TAMS 0x0000000727e00000, 0x0000000727e00000| Untracked 
| 107|0x0000000727f00000, 0x0000000727f00000, 0x0000000728000000|  0%| F|  |TAMS 0x0000000727f00000, 0x0000000727f00000| Untracked 
| 108|0x0000000728000000, 0x0000000728000000, 0x0000000728100000|  0%| F|  |TAMS 0x0000000728000000, 0x0000000728000000| Untracked 
| 109|0x0000000728100000, 0x0000000728100000, 0x0000000728200000|  0%| F|  |TAMS 0x0000000728100000, 0x0000000728100000| Untracked 
| 110|0x0000000728200000, 0x0000000728200000, 0x0000000728300000|  0%| F|  |TAMS 0x0000000728200000, 0x0000000728200000| Untracked 
| 111|0x0000000728300000, 0x0000000728300000, 0x0000000728400000|  0%| F|  |TAMS 0x0000000728300000, 0x0000000728300000| Untracked 
| 112|0x0000000728400000, 0x0000000728400000, 0x0000000728500000|  0%| F|  |TAMS 0x0000000728400000, 0x0000000728400000| Untracked 
| 113|0x0000000728500000, 0x0000000728500000, 0x0000000728600000|  0%| F|  |TAMS 0x0000000728500000, 0x0000000728500000| Untracked 
| 114|0x0000000728600000, 0x0000000728600000, 0x0000000728700000|  0%| F|  |TAMS 0x0000000728600000, 0x0000000728600000| Untracked 
| 115|0x0000000728700000, 0x0000000728700000, 0x0000000728800000|  0%| F|  |TAMS 0x0000000728700000, 0x0000000728700000| Untracked 
| 116|0x0000000728800000, 0x0000000728800000, 0x0000000728900000|  0%| F|  |TAMS 0x0000000728800000, 0x0000000728800000| Untracked 
| 117|0x0000000728900000, 0x0000000728900000, 0x0000000728a00000|  0%| F|  |TAMS 0x0000000728900000, 0x0000000728900000| Untracked 
| 118|0x0000000728a00000, 0x0000000728a00000, 0x0000000728b00000|  0%| F|  |TAMS 0x0000000728a00000, 0x0000000728a00000| Untracked 
| 119|0x0000000728b00000, 0x0000000728ba9e40, 0x0000000728c00000| 66%| S|CS|TAMS 0x0000000728b00000, 0x0000000728b00000| Complete 
| 120|0x0000000728c00000, 0x0000000728d00000, 0x0000000728d00000|100%| S|CS|TAMS 0x0000000728c00000, 0x0000000728c00000| Complete 
| 121|0x0000000728d00000, 0x0000000728e00000, 0x0000000728e00000|100%| S|CS|TAMS 0x0000000728d00000, 0x0000000728d00000| Complete 
| 122|0x0000000728e00000, 0x0000000728f00000, 0x0000000728f00000|100%| S|CS|TAMS 0x0000000728e00000, 0x0000000728e00000| Complete 
| 123|0x0000000728f00000, 0x0000000728f00000, 0x0000000729000000|  0%| F|  |TAMS 0x0000000728f00000, 0x0000000728f00000| Untracked 
| 124|0x0000000729000000, 0x0000000729000000, 0x0000000729100000|  0%| F|  |TAMS 0x0000000729000000, 0x0000000729000000| Untracked 
| 125|0x0000000729100000, 0x0000000729100000, 0x0000000729200000|  0%| F|  |TAMS 0x0000000729100000, 0x0000000729100000| Untracked 
| 126|0x0000000729200000, 0x0000000729200000, 0x0000000729300000|  0%| F|  |TAMS 0x0000000729200000, 0x0000000729200000| Untracked 
| 127|0x0000000729300000, 0x0000000729300000, 0x0000000729400000|  0%| F|  |TAMS 0x0000000729300000, 0x0000000729300000| Untracked 
| 128|0x0000000729400000, 0x0000000729400000, 0x0000000729500000|  0%| F|  |TAMS 0x0000000729400000, 0x0000000729400000| Untracked 
| 129|0x0000000729500000, 0x0000000729600000, 0x0000000729600000|100%| S|CS|TAMS 0x0000000729500000, 0x0000000729500000| Complete 
| 130|0x0000000729600000, 0x0000000729700000, 0x0000000729700000|100%| S|CS|TAMS 0x0000000729600000, 0x0000000729600000| Complete 
| 131|0x0000000729700000, 0x0000000729800000, 0x0000000729800000|100%| S|CS|TAMS 0x0000000729700000, 0x0000000729700000| Complete 
| 132|0x0000000729800000, 0x0000000729900000, 0x0000000729900000|100%| S|CS|TAMS 0x0000000729800000, 0x0000000729800000| Complete 
| 133|0x0000000729900000, 0x0000000729900000, 0x0000000729a00000|  0%| F|  |TAMS 0x0000000729900000, 0x0000000729900000| Untracked 
| 134|0x0000000729a00000, 0x0000000729a00000, 0x0000000729b00000|  0%| F|  |TAMS 0x0000000729a00000, 0x0000000729a00000| Untracked 
| 135|0x0000000729b00000, 0x0000000729b00000, 0x0000000729c00000|  0%| F|  |TAMS 0x0000000729b00000, 0x0000000729b00000| Untracked 
| 136|0x0000000729c00000, 0x0000000729c00000, 0x0000000729d00000|  0%| F|  |TAMS 0x0000000729c00000, 0x0000000729c00000| Untracked 
| 137|0x0000000729d00000, 0x0000000729d00000, 0x0000000729e00000|  0%| F|  |TAMS 0x0000000729d00000, 0x0000000729d00000| Untracked 
| 138|0x0000000729e00000, 0x0000000729e00000, 0x0000000729f00000|  0%| F|  |TAMS 0x0000000729e00000, 0x0000000729e00000| Untracked 
| 139|0x0000000729f00000, 0x0000000729f00000, 0x000000072a000000|  0%| F|  |TAMS 0x0000000729f00000, 0x0000000729f00000| Untracked 
| 140|0x000000072a000000, 0x000000072a000000, 0x000000072a100000|  0%| F|  |TAMS 0x000000072a000000, 0x000000072a000000| Untracked 
| 141|0x000000072a100000, 0x000000072a100000, 0x000000072a200000|  0%| F|  |TAMS 0x000000072a100000, 0x000000072a100000| Untracked 
| 142|0x000000072a200000, 0x000000072a200000, 0x000000072a300000|  0%| F|  |TAMS 0x000000072a200000, 0x000000072a200000| Untracked 
| 143|0x000000072a300000, 0x000000072a300000, 0x000000072a400000|  0%| F|  |TAMS 0x000000072a300000, 0x000000072a300000| Untracked 
| 144|0x000000072a400000, 0x000000072a500000, 0x000000072a500000|100%| E|  |TAMS 0x000000072a400000, 0x000000072a400000| Complete 
| 145|0x000000072a500000, 0x000000072a600000, 0x000000072a600000|100%| E|CS|TAMS 0x000000072a500000, 0x000000072a500000| Complete 
| 146|0x000000072a600000, 0x000000072a700000, 0x000000072a700000|100%| E|CS|TAMS 0x000000072a600000, 0x000000072a600000| Complete 
| 147|0x000000072a700000, 0x000000072a800000, 0x000000072a800000|100%| E|CS|TAMS 0x000000072a700000, 0x000000072a700000| Complete 
| 148|0x000000072a800000, 0x000000072a900000, 0x000000072a900000|100%| E|CS|TAMS 0x000000072a800000, 0x000000072a800000| Complete 
| 149|0x000000072a900000, 0x000000072aa00000, 0x000000072aa00000|100%| E|CS|TAMS 0x000000072a900000, 0x000000072a900000| Complete 
| 150|0x000000072aa00000, 0x000000072ab00000, 0x000000072ab00000|100%| E|CS|TAMS 0x000000072aa00000, 0x000000072aa00000| Complete 
| 151|0x000000072ab00000, 0x000000072ac00000, 0x000000072ac00000|100%| E|CS|TAMS 0x000000072ab00000, 0x000000072ab00000| Complete 
| 152|0x000000072ac00000, 0x000000072ad00000, 0x000000072ad00000|100%| E|CS|TAMS 0x000000072ac00000, 0x000000072ac00000| Complete 
| 153|0x000000072ad00000, 0x000000072ae00000, 0x000000072ae00000|100%| E|CS|TAMS 0x000000072ad00000, 0x000000072ad00000| Complete 
| 154|0x000000072ae00000, 0x000000072af00000, 0x000000072af00000|100%| E|CS|TAMS 0x000000072ae00000, 0x000000072ae00000| Complete 
| 155|0x000000072af00000, 0x000000072b000000, 0x000000072b000000|100%| E|CS|TAMS 0x000000072af00000, 0x000000072af00000| Complete 
| 156|0x000000072b000000, 0x000000072b100000, 0x000000072b100000|100%| E|CS|TAMS 0x000000072b000000, 0x000000072b000000| Complete 
| 157|0x000000072b100000, 0x000000072b200000, 0x000000072b200000|100%| E|CS|TAMS 0x000000072b100000, 0x000000072b100000| Complete 
| 158|0x000000072b200000, 0x000000072b300000, 0x000000072b300000|100%| E|CS|TAMS 0x000000072b200000, 0x000000072b200000| Complete 
| 159|0x000000072b300000, 0x000000072b400000, 0x000000072b400000|100%| E|CS|TAMS 0x000000072b300000, 0x000000072b300000| Complete 
| 160|0x000000072b400000, 0x000000072b500000, 0x000000072b500000|100%| E|CS|TAMS 0x000000072b400000, 0x000000072b400000| Complete 
| 161|0x000000072b500000, 0x000000072b600000, 0x000000072b600000|100%| E|CS|TAMS 0x000000072b500000, 0x000000072b500000| Complete 
| 162|0x000000072b600000, 0x000000072b700000, 0x000000072b700000|100%| E|CS|TAMS 0x000000072b600000, 0x000000072b600000| Complete 
| 163|0x000000072b700000, 0x000000072b800000, 0x000000072b800000|100%| E|CS|TAMS 0x000000072b700000, 0x000000072b700000| Complete 
| 164|0x000000072b800000, 0x000000072b900000, 0x000000072b900000|100%| E|CS|TAMS 0x000000072b800000, 0x000000072b800000| Complete 
| 165|0x000000072b900000, 0x000000072ba00000, 0x000000072ba00000|100%| E|CS|TAMS 0x000000072b900000, 0x000000072b900000| Complete 
| 166|0x000000072ba00000, 0x000000072bb00000, 0x000000072bb00000|100%| E|CS|TAMS 0x000000072ba00000, 0x000000072ba00000| Complete 
| 167|0x000000072bb00000, 0x000000072bc00000, 0x000000072bc00000|100%| E|CS|TAMS 0x000000072bb00000, 0x000000072bb00000| Complete 
| 168|0x000000072bc00000, 0x000000072bd00000, 0x000000072bd00000|100%| E|CS|TAMS 0x000000072bc00000, 0x000000072bc00000| Complete 
| 169|0x000000072bd00000, 0x000000072be00000, 0x000000072be00000|100%| E|CS|TAMS 0x000000072bd00000, 0x000000072bd00000| Complete 
| 170|0x000000072be00000, 0x000000072bf00000, 0x000000072bf00000|100%| E|CS|TAMS 0x000000072be00000, 0x000000072be00000| Complete 
| 171|0x000000072bf00000, 0x000000072c000000, 0x000000072c000000|100%| E|CS|TAMS 0x000000072bf00000, 0x000000072bf00000| Complete 
| 172|0x000000072c000000, 0x000000072c100000, 0x000000072c100000|100%| E|CS|TAMS 0x000000072c000000, 0x000000072c000000| Complete 
| 173|0x000000072c100000, 0x000000072c200000, 0x000000072c200000|100%| E|CS|TAMS 0x000000072c100000, 0x000000072c100000| Complete 
| 174|0x000000072c200000, 0x000000072c300000, 0x000000072c300000|100%| E|CS|TAMS 0x000000072c200000, 0x000000072c200000| Complete 
| 175|0x000000072c300000, 0x000000072c400000, 0x000000072c400000|100%| E|CS|TAMS 0x000000072c300000, 0x000000072c300000| Complete 
| 176|0x000000072c400000, 0x000000072c500000, 0x000000072c500000|100%| E|CS|TAMS 0x000000072c400000, 0x000000072c400000| Complete 
| 177|0x000000072c500000, 0x000000072c600000, 0x000000072c600000|100%| E|CS|TAMS 0x000000072c500000, 0x000000072c500000| Complete 
| 178|0x000000072c600000, 0x000000072c700000, 0x000000072c700000|100%| E|CS|TAMS 0x000000072c600000, 0x000000072c600000| Complete 
| 179|0x000000072c700000, 0x000000072c800000, 0x000000072c800000|100%| E|CS|TAMS 0x000000072c700000, 0x000000072c700000| Complete 
| 180|0x000000072c800000, 0x000000072c900000, 0x000000072c900000|100%| E|CS|TAMS 0x000000072c800000, 0x000000072c800000| Complete 
| 181|0x000000072c900000, 0x000000072ca00000, 0x000000072ca00000|100%| E|CS|TAMS 0x000000072c900000, 0x000000072c900000| Complete 
| 182|0x000000072ca00000, 0x000000072cb00000, 0x000000072cb00000|100%| E|CS|TAMS 0x000000072ca00000, 0x000000072ca00000| Complete 
| 183|0x000000072cb00000, 0x000000072cc00000, 0x000000072cc00000|100%| E|CS|TAMS 0x000000072cb00000, 0x000000072cb00000| Complete 
| 184|0x000000072cc00000, 0x000000072cd00000, 0x000000072cd00000|100%| E|CS|TAMS 0x000000072cc00000, 0x000000072cc00000| Complete 
| 185|0x000000072cd00000, 0x000000072ce00000, 0x000000072ce00000|100%| E|CS|TAMS 0x000000072cd00000, 0x000000072cd00000| Complete 
| 186|0x000000072ce00000, 0x000000072cf00000, 0x000000072cf00000|100%| E|CS|TAMS 0x000000072ce00000, 0x000000072ce00000| Complete 
| 187|0x000000072cf00000, 0x000000072d000000, 0x000000072d000000|100%| E|CS|TAMS 0x000000072cf00000, 0x000000072cf00000| Complete 
| 188|0x000000072d000000, 0x000000072d100000, 0x000000072d100000|100%| E|CS|TAMS 0x000000072d000000, 0x000000072d000000| Complete 
| 189|0x000000072d100000, 0x000000072d200000, 0x000000072d200000|100%| E|CS|TAMS 0x000000072d100000, 0x000000072d100000| Complete 
| 190|0x000000072d200000, 0x000000072d300000, 0x000000072d300000|100%| E|CS|TAMS 0x000000072d200000, 0x000000072d200000| Complete 
| 191|0x000000072d300000, 0x000000072d400000, 0x000000072d400000|100%| E|CS|TAMS 0x000000072d300000, 0x000000072d300000| Complete 
| 192|0x000000072d400000, 0x000000072d500000, 0x000000072d500000|100%| E|CS|TAMS 0x000000072d400000, 0x000000072d400000| Complete 
| 193|0x000000072d500000, 0x000000072d600000, 0x000000072d600000|100%| E|CS|TAMS 0x000000072d500000, 0x000000072d500000| Complete 
| 194|0x000000072d600000, 0x000000072d700000, 0x000000072d700000|100%| E|CS|TAMS 0x000000072d600000, 0x000000072d600000| Complete 
| 195|0x000000072d700000, 0x000000072d800000, 0x000000072d800000|100%| E|CS|TAMS 0x000000072d700000, 0x000000072d700000| Complete 
| 196|0x000000072d800000, 0x000000072d900000, 0x000000072d900000|100%| E|CS|TAMS 0x000000072d800000, 0x000000072d800000| Complete 
| 197|0x000000072d900000, 0x000000072da00000, 0x000000072da00000|100%| E|CS|TAMS 0x000000072d900000, 0x000000072d900000| Complete 
| 198|0x000000072da00000, 0x000000072db00000, 0x000000072db00000|100%| E|CS|TAMS 0x000000072da00000, 0x000000072da00000| Complete 
| 199|0x000000072db00000, 0x000000072dc00000, 0x000000072dc00000|100%| E|CS|TAMS 0x000000072db00000, 0x000000072db00000| Complete 
| 200|0x000000072dc00000, 0x000000072dd00000, 0x000000072dd00000|100%| E|CS|TAMS 0x000000072dc00000, 0x000000072dc00000| Complete 
| 201|0x000000072dd00000, 0x000000072de00000, 0x000000072de00000|100%| E|CS|TAMS 0x000000072dd00000, 0x000000072dd00000| Complete 
| 202|0x000000072de00000, 0x000000072df00000, 0x000000072df00000|100%| E|CS|TAMS 0x000000072de00000, 0x000000072de00000| Complete 
| 203|0x000000072df00000, 0x000000072e000000, 0x000000072e000000|100%| E|CS|TAMS 0x000000072df00000, 0x000000072df00000| Complete 
| 204|0x000000072e000000, 0x000000072e100000, 0x000000072e100000|100%| E|CS|TAMS 0x000000072e000000, 0x000000072e000000| Complete 
| 205|0x000000072e100000, 0x000000072e200000, 0x000000072e200000|100%| E|CS|TAMS 0x000000072e100000, 0x000000072e100000| Complete 
| 206|0x000000072e200000, 0x000000072e300000, 0x000000072e300000|100%| E|CS|TAMS 0x000000072e200000, 0x000000072e200000| Complete 
| 207|0x000000072e300000, 0x000000072e400000, 0x000000072e400000|100%| E|CS|TAMS 0x000000072e300000, 0x000000072e300000| Complete 
| 208|0x000000072e400000, 0x000000072e500000, 0x000000072e500000|100%| E|CS|TAMS 0x000000072e400000, 0x000000072e400000| Complete 
| 209|0x000000072e500000, 0x000000072e600000, 0x000000072e600000|100%| E|CS|TAMS 0x000000072e500000, 0x000000072e500000| Complete 
| 210|0x000000072e600000, 0x000000072e700000, 0x000000072e700000|100%| E|CS|TAMS 0x000000072e600000, 0x000000072e600000| Complete 
| 211|0x000000072e700000, 0x000000072e800000, 0x000000072e800000|100%| E|CS|TAMS 0x000000072e700000, 0x000000072e700000| Complete 
| 212|0x000000072e800000, 0x000000072e900000, 0x000000072e900000|100%| E|CS|TAMS 0x000000072e800000, 0x000000072e800000| Complete 
| 213|0x000000072e900000, 0x000000072ea00000, 0x000000072ea00000|100%| E|CS|TAMS 0x000000072e900000, 0x000000072e900000| Complete 
| 214|0x000000072ea00000, 0x000000072eb00000, 0x000000072eb00000|100%| E|CS|TAMS 0x000000072ea00000, 0x000000072ea00000| Complete 
| 215|0x000000072eb00000, 0x000000072ec00000, 0x000000072ec00000|100%| E|CS|TAMS 0x000000072eb00000, 0x000000072eb00000| Complete 
| 216|0x000000072ec00000, 0x000000072ed00000, 0x000000072ed00000|100%| E|CS|TAMS 0x000000072ec00000, 0x000000072ec00000| Complete 
| 217|0x000000072ed00000, 0x000000072ee00000, 0x000000072ee00000|100%| E|CS|TAMS 0x000000072ed00000, 0x000000072ed00000| Complete 
| 218|0x000000072ee00000, 0x000000072ef00000, 0x000000072ef00000|100%| E|CS|TAMS 0x000000072ee00000, 0x000000072ee00000| Complete 
| 219|0x000000072ef00000, 0x000000072f000000, 0x000000072f000000|100%| E|CS|TAMS 0x000000072ef00000, 0x000000072ef00000| Complete 
| 220|0x000000072f000000, 0x000000072f100000, 0x000000072f100000|100%| E|CS|TAMS 0x000000072f000000, 0x000000072f000000| Complete 
| 221|0x000000072f100000, 0x000000072f200000, 0x000000072f200000|100%| E|CS|TAMS 0x000000072f100000, 0x000000072f100000| Complete 
| 222|0x000000072f200000, 0x000000072f300000, 0x000000072f300000|100%| E|CS|TAMS 0x000000072f200000, 0x000000072f200000| Complete 
| 223|0x000000072f300000, 0x000000072f400000, 0x000000072f400000|100%| E|  |TAMS 0x000000072f300000, 0x000000072f300000| Complete 

Card table byte_map: [0x0000017337090000,0x0000017337790000] _byte_map_base: 0x0000017333786000

Marking Bits (Prev, Next): (CMBitMap*) 0x000001731f3ab0d0, (CMBitMap*) 0x000001731f3ab098
 Prev Bits: [0x000001733b640000, 0x000001733edf0000)
 Next Bits: [0x0000017337e90000, 0x000001733b640000)

Polling page: 0x000001731eb20000

Metaspace:

Usage:
  Non-class:     30.07 MB capacity,    29.55 MB ( 98%) used,   431.64 KB (  1%) free+waste,    99.31 KB ( <1%) overhead. 
      Class:      4.27 MB capacity,     3.95 MB ( 93%) used,   280.11 KB (  6%) free+waste,    47.13 KB (  1%) overhead. 
       Both:     34.34 MB capacity,    33.51 MB ( 98%) used,   711.75 KB (  2%) free+waste,   146.44 KB ( <1%) overhead. 

Virtual space:
  Non-class space:       32.00 MB reserved,      30.25 MB ( 95%) committed 
      Class space:        1.00 GB reserved,       4.38 MB ( <1%) committed 
             Both:        1.03 GB reserved,      34.63 MB (  3%) committed 

Chunk freelists:
   Non-Class:  6.75 KB
       Class:  768 bytes
        Both:  7.50 KB

CodeHeap 'non-profiled nmethods': size=120000Kb used=1719Kb max_used=1719Kb free=118280Kb
 bounds [0x000001732f130000, 0x000001732f3a0000, 0x0000017336660000]
CodeHeap 'profiled nmethods': size=120000Kb used=8198Kb max_used=8198Kb free=111801Kb
 bounds [0x0000017327c00000, 0x0000017328410000, 0x000001732f130000]
CodeHeap 'non-nmethods': size=5760Kb used=1138Kb max_used=1186Kb free=4622Kb
 bounds [0x0000017327660000, 0x00000173278d0000, 0x0000017327c00000]
 total_blobs=4731 nmethods=3492 adapters=365
 compilation: enabled
              stopped_count=0, restarted_count=0
 full_count=0

Compilation events (10 events):
Event: 12.566 Thread 0x0000017342245800 3443       3       org.springframework.core.annotation.AnnotationsScanner::processClass (113 bytes)
Event: 12.568 Thread 0x0000017342245800 nmethod 3443 0x00000173283cf390 code [0x00000173283cf680, 0x00000173283d0690]
Event: 12.569 Thread 0x0000017342245800 3444       1       org.springframework.core.type.StandardClassMetadata::getIntrospectedClass (5 bytes)
Event: 12.569 Thread 0x0000017342245800 nmethod 3444 0x000001732f2cfd10 code [0x000001732f2cfec0, 0x000001732f2cffd8]
Event: 12.580 Thread 0x0000017342245800 3445       3       org.springframework.core.type.classreading.SimpleAnnotationMetadata::getAnnotatedMethods (78 bytes)
Event: 12.582 Thread 0x0000017342245800 nmethod 3445 0x00000173283d0c10 code [0x00000173283d0e80, 0x00000173283d17f0]
Event: 12.584 Thread 0x0000017342245800 3446   !   3       org.springframework.context.annotation.ConfigurationClassUtils::checkConfigurationClassCandidate (306 bytes)
Event: 12.591 Thread 0x0000017342245800 nmethod 3446 0x00000173283d1b90 code [0x00000173283d2140, 0x00000173283d55e0]
Event: 12.592 Thread 0x0000017342245800 3447   !   3       com.sun.proxy.$Proxy37::annotationType (29 bytes)
Event: 12.593 Thread 0x0000017342245800 nmethod 3447 0x00000173283d6410 code [0x00000173283d6600, 0x00000173283d6a80]

GC Heap History (6 events):
Event: 3.131 GC heap before
{Heap before GC invocations=0 (full 0):
 garbage-first heap   total 229376K, used 24576K [0x0000000721400000, 0x0000000800000000)
  region size 1024K, 24 young (24576K), 0 survivors (0K)
 Metaspace       used 11081K, capacity 11285K, committed 11392K, reserved 1058816K
  class space    used 1056K, capacity 1101K, committed 1152K, reserved 1048576K
}
Event: 3.145 GC heap after
{Heap after GC invocations=1 (full 0):
 garbage-first heap   total 229376K, used 6611K [0x0000000721400000, 0x0000000800000000)
  region size 1024K, 3 young (3072K), 3 survivors (3072K)
 Metaspace       used 11081K, capacity 11285K, committed 11392K, reserved 1058816K
  class space    used 1056K, capacity 1101K, committed 1152K, reserved 1048576K
}
Event: 6.810 GC heap before
{Heap before GC invocations=1 (full 0):
 garbage-first heap   total 229376K, used 98771K [0x0000000721400000, 0x0000000800000000)
  region size 1024K, 95 young (97280K), 3 survivors (3072K)
 Metaspace       used 20710K, capacity 21191K, committed 21248K, reserved 1069056K
  class space    used 2322K, capacity 2519K, committed 2560K, reserved 1048576K
}
Event: 6.832 GC heap after
{Heap after GC invocations=2 (full 0):
 garbage-first heap   total 229376K, used 9072K [0x0000000721400000, 0x0000000800000000)
  region size 1024K, 6 young (6144K), 6 survivors (6144K)
 Metaspace       used 20710K, capacity 21191K, committed 21248K, reserved 1069056K
  class space    used 2322K, capacity 2519K, committed 2560K, reserved 1048576K
}
Event: 9.276 GC heap before
{Heap before GC invocations=3 (full 0):
 garbage-first heap   total 229376K, used 101232K [0x0000000721400000, 0x0000000800000000)
  region size 1024K, 97 young (99328K), 6 survivors (6144K)
 Metaspace       used 28179K, capacity 28782K, committed 28928K, reserved 1075200K
  class space    used 3290K, capacity 3540K, committed 3584K, reserved 1048576K
}
Event: 9.286 GC heap after
{Heap after GC invocations=4 (full 0):
 garbage-first heap   total 229376K, used 11387K [0x0000000721400000, 0x0000000800000000)
  region size 1024K, 8 young (8192K), 8 survivors (8192K)
 Metaspace       used 28179K, capacity 28782K, committed 28928K, reserved 1075200K
  class space    used 3290K, capacity 3540K, committed 3584K, reserved 1048576K
}

Deoptimization events (10 events):
Event: 11.566 Thread 0x0000017343708000 Uncommon trap: reason=class_check action=maybe_recompile pc=0x000001732f24acf0 method=org.springframework.util.ConcurrentReferenceHashMap$Segment.findInChain(Lorg/springframework/util/ConcurrentReferenceHashMap$Reference;Ljava/lang/Object;I)Lorg/springfra
Event: 11.571 Thread 0x0000017343708000 Uncommon trap: reason=class_check action=maybe_recompile pc=0x000001732f24acf0 method=org.springframework.util.ConcurrentReferenceHashMap$Segment.findInChain(Lorg/springframework/util/ConcurrentReferenceHashMap$Reference;Ljava/lang/Object;I)Lorg/springfra
Event: 11.573 Thread 0x0000017343708000 Uncommon trap: reason=class_check action=maybe_recompile pc=0x000001732f24acf0 method=org.springframework.util.ConcurrentReferenceHashMap$Segment.findInChain(Lorg/springframework/util/ConcurrentReferenceHashMap$Reference;Ljava/lang/Object;I)Lorg/springfra
Event: 11.573 Thread 0x0000017343708000 Uncommon trap: reason=class_check action=maybe_recompile pc=0x000001732f26e44c method=org.springframework.util.ConcurrentReferenceHashMap.get(Ljava/lang/Object;)Ljava/lang/Object; @ 14 c2
Event: 11.651 Thread 0x0000017343708000 Uncommon trap: reason=class_check action=maybe_recompile pc=0x000001732f24acf0 method=org.springframework.util.ConcurrentReferenceHashMap$Segment.findInChain(Lorg/springframework/util/ConcurrentReferenceHashMap$Reference;Ljava/lang/Object;I)Lorg/springfra
Event: 11.652 Thread 0x0000017343708000 Uncommon trap: reason=class_check action=maybe_recompile pc=0x000001732f26e44c method=org.springframework.util.ConcurrentReferenceHashMap.get(Ljava/lang/Object;)Ljava/lang/Object; @ 14 c2
Event: 11.662 Thread 0x0000017343708000 Uncommon trap: reason=class_check action=maybe_recompile pc=0x000001732f26e44c method=org.springframework.util.ConcurrentReferenceHashMap.get(Ljava/lang/Object;)Ljava/lang/Object; @ 14 c2
Event: 11.675 Thread 0x0000017343708000 Uncommon trap: reason=class_check action=maybe_recompile pc=0x000001732f26e44c method=org.springframework.util.ConcurrentReferenceHashMap.get(Ljava/lang/Object;)Ljava/lang/Object; @ 14 c2
Event: 12.024 Thread 0x0000017343708000 Uncommon trap: reason=unstable_if action=reinterpret pc=0x000001732f2b09d0 method=org.springframework.beans.factory.support.AbstractBeanFactory.isTypeMatch(Ljava/lang/String;Lorg/springframework/core/ResolvableType;Z)Z @ 466 c2
Event: 12.252 Thread 0x0000017343708000 Uncommon trap: reason=unstable_if action=reinterpret pc=0x000001732f2c9250 method=org.springframework.core.ResolvableType$1.isAssignableFrom(Ljava/lang/Class;)Z @ 15 c2

Classes redefined (0 events):
No events

Internal exceptions (10 events):
Event: 7.412 Thread 0x00000173433b4000 Exception <a 'java/lang/NoSuchMethodError'{0x000000072db2b8d0}: java.lang.invoke.DelegatingMethodHandle$Holder.reinvoke_L(Ljava/lang/Object;IILjava/lang/Object;Ljava/lang/Object;Ljava/lang/Object;)Ljava/lang/Object;> (0x000000072db2b8d0) thrown at [t:/wor
Event: 7.413 Thread 0x00000173433b4000 Exception <a 'java/lang/NoSuchMethodError'{0x000000072db2f7b0}: java.lang.invoke.DirectMethodHandle$Holder.invokeStatic(Ljava/lang/Object;Ljava/lang/Object;Ljava/lang/Object;Ljava/lang/Object;I)Ljava/lang/Object;> (0x000000072db2f7b0) thrown at [t:/worksp
Event: 8.163 Thread 0x00000173433b4000 Exception <a 'java/lang/NoSuchMethodError'{0x000000072c35a848}: java.lang.invoke.DirectMethodHandle$Holder.invokeSpecial(Ljava/lang/Object;Ljava/lang/Object;)J> (0x000000072c35a848) thrown at [t:/workspace/open/src/hotspot/share/interpreter/linkResolver.c
Event: 8.168 Thread 0x00000173433b4000 Exception <a 'java/lang/NoSuchMethodError'{0x000000072c364b90}: java.lang.invoke.DirectMethodHandle$Holder.invokeStatic(Ljava/lang/Object;Ljava/lang/Object;)J> (0x000000072c364b90) thrown at [t:/workspace/open/src/hotspot/share/interpreter/linkResolver.cp
Event: 8.169 Thread 0x00000173433b4000 Exception <a 'java/lang/NoSuchMethodError'{0x000000072c3679b8}: java.lang.invoke.DirectMethodHandle$Holder.invokeStaticInit(Ljava/lang/Object;Ljava/lang/Object;)J> (0x000000072c3679b8) thrown at [t:/workspace/open/src/hotspot/share/interpreter/linkResolve
Event: 8.177 Thread 0x00000173433b4000 Exception <a 'java/lang/NoSuchMethodError'{0x000000072c373e78}: java.lang.invoke.DirectMethodHandle$Holder.invokeInterface(Ljava/lang/Object;Ljava/lang/Object;)J> (0x000000072c373e78) thrown at [t:/workspace/open/src/hotspot/share/interpreter/linkResolver
Event: 8.177 Thread 0x00000173433b4000 Exception <a 'java/lang/IncompatibleClassChangeError'{0x000000072c376c10}: Found class java.lang.Object, but interface was expected> (0x000000072c376c10) thrown at [t:/workspace/open/src/hotspot/share/interpreter/linkResolver.cpp, line 838]
Event: 8.216 Thread 0x00000173433b4000 Exception <a 'java/lang/NoSuchMethodError'{0x000000072c22ae80}: java.lang.invoke.DirectMethodHandle$Holder.invokeVirtual(Ljava/lang/Object;Ljava/lang/Object;Ljava/lang/Object;Ljava/lang/Object;)Ljava/lang/Object;> (0x000000072c22ae80) thrown at [t:/worksp
Event: 9.503 Thread 0x0000017343708000 Exception <a 'java/lang/IncompatibleClassChangeError'{0x000000072ea4e4e8}: Found class java.lang.Object, but interface was expected> (0x000000072ea4e4e8) thrown at [t:/workspace/open/src/hotspot/share/interpreter/linkResolver.cpp, line 838]
Event: 11.823 Thread 0x0000017343708000 Exception <a 'java/lang/NoSuchMethodError'{0x000000072b640b18}: java.lang.invoke.DirectMethodHandle$Holder.invokeSpecialIFC(Ljava/lang/Object;Ljava/lang/Object;Ljava/lang/Object;)Ljava/lang/Object;> (0x000000072b640b18) thrown at [t:/workspace/open/src/ho

Events (10 events):
Event: 12.601 loading class org/springframework/boot/autoconfigure/security/SecurityProperties$Filter
Event: 12.601 loading class org/springframework/boot/autoconfigure/security/SecurityProperties$Filter done
Event: 12.602 loading class org/springframework/boot/autoconfigure/security/SecurityProperties$User
Event: 12.602 loading class org/springframework/boot/autoconfigure/security/SecurityProperties$User done
Event: 12.604 loading class org/springframework/boot/sql/init/DatabaseInitializationMode
Event: 12.604 loading class org/springframework/boot/sql/init/DatabaseInitializationMode done
Event: 12.607 loading class org/springframework/boot/autoconfigure/task/TaskSchedulingProperties$Pool
Event: 12.607 loading class org/springframework/boot/autoconfigure/task/TaskSchedulingProperties$Pool done
Event: 12.608 loading class org/springframework/boot/autoconfigure/task/TaskSchedulingProperties$Shutdown
Event: 12.608 loading class org/springframework/boot/autoconfigure/task/TaskSchedulingProperties$Shutdown done


Dynamic libraries:
0x00007ff7666d0000 - 0x00007ff766715000 	C:\Program Files\Java\jdk-11.0.2\bin\java.exe
0x00007ffd3dd70000 - 0x00007ffd3df87000 	C:\WINDOWS\SYSTEM32\ntdll.dll
0x00007ffd3d2d0000 - 0x00007ffd3d394000 	C:\WINDOWS\System32\KERNEL32.DLL
0x00007ffd3b0f0000 - 0x00007ffd3b497000 	C:\WINDOWS\System32\KERNELBASE.dll
0x00007ffd3da50000 - 0x00007ffd3dbfe000 	C:\WINDOWS\System32\USER32.dll
0x00007ffd3b0c0000 - 0x00007ffd3b0e6000 	C:\WINDOWS\System32\win32u.dll
0x00007ffd3cbf0000 - 0x00007ffd3cc19000 	C:\WINDOWS\System32\GDI32.dll
0x00007ffd3b640000 - 0x00007ffd3b759000 	C:\WINDOWS\System32\gdi32full.dll
0x00007ffd3b990000 - 0x00007ffd3ba2a000 	C:\WINDOWS\System32\msvcp_win.dll
0x00007ffd3b4a0000 - 0x00007ffd3b5b1000 	C:\WINDOWS\System32\ucrtbase.dll
0x00007ffd1f7b0000 - 0x00007ffd1fa43000 	C:\WINDOWS\WinSxS\amd64_microsoft.windows.common-controls_6595b64144ccf1df_6.0.22621.2506_none_270c5ae97388e100\COMCTL32.dll
0x00007ffd3d3a0000 - 0x00007ffd3d447000 	C:\WINDOWS\System32\msvcrt.dll
0x00007ffd3c9b0000 - 0x00007ffd3c9e1000 	C:\WINDOWS\System32\IMM32.DLL
0x00007ffcff500000 - 0x00007ffcff516000 	C:\Program Files\Java\jdk-11.0.2\bin\vcruntime140.dll
0x00007ffca78d0000 - 0x00007ffca797a000 	C:\Program Files\Java\jdk-11.0.2\bin\msvcp140.dll
0x00007ffc8afa0000 - 0x00007ffc8bac3000 	C:\Program Files\Java\jdk-11.0.2\bin\server\jvm.dll
0x00007ffd3dc50000 - 0x00007ffd3dd00000 	C:\WINDOWS\System32\ADVAPI32.dll
0x00007ffd3bbb0000 - 0x00007ffd3bc56000 	C:\WINDOWS\System32\sechost.dll
0x00007ffd3cc90000 - 0x00007ffd3cda7000 	C:\WINDOWS\System32\RPCRT4.dll
0x00007ffd3c710000 - 0x00007ffd3c718000 	C:\WINDOWS\System32\PSAPI.DLL
0x00007ffd333d0000 - 0x00007ffd33404000 	C:\WINDOWS\SYSTEM32\WINMM.dll
0x00007ffd309a0000 - 0x00007ffd309a9000 	C:\WINDOWS\SYSTEM32\WSOCK32.dll
0x00007ffd3d9d0000 - 0x00007ffd3da41000 	C:\WINDOWS\System32\WS2_32.dll
0x00007ffd31b60000 - 0x00007ffd31b6a000 	C:\WINDOWS\SYSTEM32\VERSION.dll
0x00007ffd3a020000 - 0x00007ffd3a038000 	C:\WINDOWS\SYSTEM32\kernel.appcore.dll
0x00007ffcff280000 - 0x00007ffcff291000 	C:\Program Files\Java\jdk-11.0.2\bin\verify.dll
0x00007ffd38a90000 - 0x00007ffd38cc3000 	C:\WINDOWS\SYSTEM32\DBGHELP.DLL
0x00007ffd3cf30000 - 0x00007ffd3d2b9000 	C:\WINDOWS\System32\combase.dll
0x00007ffd3c610000 - 0x00007ffd3c6e7000 	C:\WINDOWS\System32\OLEAUT32.dll
0x00007ffd27ac0000 - 0x00007ffd27af2000 	C:\WINDOWS\SYSTEM32\dbgcore.DLL
0x00007ffd3b5c0000 - 0x00007ffd3b63a000 	C:\WINDOWS\System32\bcryptPrimitives.dll
0x00007ffce53a0000 - 0x00007ffce53c8000 	C:\Program Files\Java\jdk-11.0.2\bin\java.dll
0x00007ffcff6d0000 - 0x00007ffcff6ff000 	C:\Program Files\Java\jdk-11.0.2\bin\instrument.dll
0x00007ffcff260000 - 0x00007ffcff276000 	C:\Program Files\Java\jdk-11.0.2\bin\zip.dll
0x00007ffd08f80000 - 0x00007ffd08f8a000 	C:\Program Files\Java\jdk-11.0.2\bin\jimage.dll
0x00007ffd3bc60000 - 0x00007ffd3c4b9000 	C:\WINDOWS\System32\SHELL32.dll
0x00007ffd38f90000 - 0x00007ffd39884000 	C:\WINDOWS\SYSTEM32\windows.storage.dll
0x00007ffd38e50000 - 0x00007ffd38f8e000 	C:\WINDOWS\SYSTEM32\wintypes.dll
0x00007ffd3cdb0000 - 0x00007ffd3cea3000 	C:\WINDOWS\System32\SHCORE.dll
0x00007ffd3c9f0000 - 0x00007ffd3ca4e000 	C:\WINDOWS\System32\shlwapi.dll
0x00007ffd3aff0000 - 0x00007ffd3b016000 	C:\WINDOWS\SYSTEM32\profapi.dll
0x00007ffcff150000 - 0x00007ffcff169000 	C:\Program Files\Java\jdk-11.0.2\bin\net.dll
0x00007ffd28700000 - 0x00007ffd288f0000 	C:\WINDOWS\SYSTEM32\urlmon.dll
0x00007ffd27e50000 - 0x00007ffd2810c000 	C:\WINDOWS\SYSTEM32\iertutil.dll
0x00007ffd39ae0000 - 0x00007ffd39aec000 	C:\WINDOWS\SYSTEM32\netutils.dll
0x00007ffd281b0000 - 0x00007ffd281d8000 	C:\WINDOWS\SYSTEM32\srvcli.dll
0x00007ffd32fe0000 - 0x00007ffd33117000 	C:\WINDOWS\SYSTEM32\WINHTTP.dll
0x00007ffd3a500000 - 0x00007ffd3a569000 	C:\WINDOWS\system32\mswsock.dll
0x00007ffcf7320000 - 0x00007ffcf7333000 	C:\Program Files\Java\jdk-11.0.2\bin\nio.dll
0x00007ffcf7260000 - 0x00007ffcf727a000 	C:\Program Files\JetBrains\IntelliJ IDEA Community Edition 2023.2.2\bin\breakgen64.dll
0x00007ffd05bd0000 - 0x00007ffd05bd9000 	C:\Program Files\Java\jdk-11.0.2\bin\management.dll
0x00007ffd05b80000 - 0x00007ffd05b8c000 	C:\Program Files\Java\jdk-11.0.2\bin\management_ext.dll
0x00007ffd1f470000 - 0x00007ffd1f487000 	C:\WINDOWS\system32\napinsp.dll
0x00007ffd1f450000 - 0x00007ffd1f46b000 	C:\WINDOWS\system32\pnrpnsp.dll
0x00007ffd39b60000 - 0x00007ffd39c59000 	C:\WINDOWS\SYSTEM32\DNSAPI.dll
0x00007ffd39b30000 - 0x00007ffd39b5d000 	C:\WINDOWS\SYSTEM32\IPHLPAPI.DLL
0x00007ffd3cc20000 - 0x00007ffd3cc29000 	C:\WINDOWS\System32\NSI.dll
0x00007ffd1f430000 - 0x00007ffd1f441000 	C:\WINDOWS\System32\winrnr.dll
0x00007ffd32e30000 - 0x00007ffd32e45000 	C:\WINDOWS\system32\wshbth.dll
0x00007ffd1f400000 - 0x00007ffd1f421000 	C:\WINDOWS\system32\nlansp_c.dll
0x00007ffd2f260000 - 0x00007ffd2f26a000 	C:\Windows\System32\rasadhlp.dll
0x00007ffd313e0000 - 0x00007ffd31463000 	C:\WINDOWS\System32\fwpuclnt.dll

dbghelp: loaded successfully - version: 4.0.5 - missing functions: none
symbol engine: initialized successfully - sym options: 0x614 - pdb path: .;C:\Program Files\Java\jdk-11.0.2\bin;C:\WINDOWS\SYSTEM32;C:\WINDOWS\WinSxS\amd64_microsoft.windows.common-controls_6595b64144ccf1df_6.0.22621.2506_none_270c5ae97388e100;C:\Program Files\Java\jdk-11.0.2\bin\server;C:\Program Files\JetBrains\IntelliJ IDEA Community Edition 2023.2.2\bin

VM Arguments:
jvm_args: -javaagent:C:\Program Files\JetBrains\IntelliJ IDEA Community Edition 2023.2.2\lib\idea_rt.jar=52173:C:\Program Files\JetBrains\IntelliJ IDEA Community Edition 2023.2.2\bin -Dfile.encoding=UTF-8 
java_command: com.elitsoft.proyectoCuestionario_backend.ProyectoCuestionarioBackendApplication
java_class_path (initial): C:\Users\elits\OneDrive\Escritorio\Proyecto Elitsoft\portal_back\target\classes;C:\Users\elits\.m2\repository\org\springframework\boot\spring-boot-starter-data-jpa\2.7.5\spring-boot-starter-data-jpa-2.7.5.jar;C:\Users\elits\.m2\repository\org\springframework\boot\spring-boot-starter-aop\2.7.5\spring-boot-starter-aop-2.7.5.jar;C:\Users\elits\.m2\repository\org\aspectj\aspectjweaver\1.9.7\aspectjweaver-1.9.7.jar;C:\Users\elits\.m2\repository\org\springframework\boot\spring-boot-starter-jdbc\2.7.5\spring-boot-starter-jdbc-2.7.5.jar;C:\Users\elits\.m2\repository\com\zaxxer\HikariCP\4.0.3\HikariCP-4.0.3.jar;C:\Users\elits\.m2\repository\org\springframework\spring-jdbc\5.3.23\spring-jdbc-5.3.23.jar;C:\Users\elits\.m2\repository\jakarta\transaction\jakarta.transaction-api\1.3.3\jakarta.transaction-api-1.3.3.jar;C:\Users\elits\.m2\repository\jakarta\persistence\jakarta.persistence-api\2.2.3\jakarta.persistence-api-2.2.3.jar;C:\Users\elits\.m2\repository\org\hibernate\hibernate-core\5.6.12.Final\hibernate-core-5.6.12.Final.jar;C:\Users\elits\.m2\repository\org\jboss\logging\jboss-logging\3.4.3.Final\jboss-logging-3.4.3.Final.jar;C:\Users\elits\.m2\repository\net\bytebuddy\byte-buddy\1.12.18\byte-buddy-1.12.18.jar;C:\Users\elits\.m2\repository\antlr\antlr\2.7.7\antlr-2.7.7.jar;C:\Users\elits\.m2\repository\org\jboss\jandex\2.4.2.Final\jandex-2.4.2.Final.jar;C:\Users\elits\.m2\repository\com\fasterxml\classmate\1.5.1\classmate-1.5.1.jar;C:\Users\elits\.m2\repository\org\hibernate\common\hibernate-commons-annotations\5.1.2.Final\hibernate-commons-annotations-5.1.2.Final.jar;C:\Users\elits\.m2\repository\org\glassfish\jaxb\jaxb-runtime\2.3.7\jaxb-runtime-2.3.7.jar;C:\Users\elits\.m2\repository\org\glassfish\jaxb\txw2\2.3.7\txw2-2.3.7.jar;C:\Users\elits\.m2\repository\com\sun\istack\istack-commons-runtime\3.0.12\istack-commons-runtime-3.0.12.jar;C:\Users\elits\.m2\repository\org\springframework\data\spring-data-jpa\2.7.5\spring-data-jpa-2.7.5.jar;C:\U
Launcher Type: SUN_STANDARD

[Global flags]
     intx CICompilerCount                          = 4                                         {product} {ergonomic}
     uint ConcGCThreads                            = 2                                         {product} {ergonomic}
     uint G1ConcRefinementThreads                  = 8                                         {product} {ergonomic}
   size_t G1HeapRegionSize                         = 1048576                                   {product} {ergonomic}
    uintx GCDrainStackTargetSize                   = 64                                        {product} {ergonomic}
   size_t InitialHeapSize                          = 234881024                                 {product} {ergonomic}
   size_t MarkStackSize                            = 4194304                                   {product} {ergonomic}
   size_t MaxHeapSize                              = 3737124864                                {product} {ergonomic}
   size_t MaxNewSize                               = 2241855488                                {product} {ergonomic}
   size_t MinHeapDeltaBytes                        = 1048576                                   {product} {ergonomic}
    uintx NonNMethodCodeHeapSize                   = 5835340                                {pd product} {ergonomic}
    uintx NonProfiledCodeHeapSize                  = 122911450                              {pd product} {ergonomic}
    uintx ProfiledCodeHeapSize                     = 122911450                              {pd product} {ergonomic}
    uintx ReservedCodeCacheSize                    = 251658240                              {pd product} {ergonomic}
     bool SegmentedCodeCache                       = true                                      {product} {ergonomic}
     bool UseCompressedClassPointers               = true                                 {lp64_product} {ergonomic}
     bool UseCompressedOops                        = true                                 {lp64_product} {ergonomic}
     bool UseG1GC                                  = true                                      {product} {ergonomic}
     bool UseLargePagesIndividualAllocation        = false                                  {pd product} {ergonomic}

Logging:
Log output configuration:
 #0: stdout all=warning uptime,level,tags
 #1: stderr all=off uptime,level,tags

Environment Variables:
PATH=C:\IBM\InformationServer/jdk32\jre\bin;C:\IBM\InformationServer/jdk32\jre\bin\j9vm;C:\IBM\InformationServer\ASBNode\lib\cpp;C:\IBM\InformationServer\ASBNode\apps\proxy\cpp\vc60\MT_dll\bin;C:\Program Files (x86)\VMware\VMware Player\bin\;C:\Program Files\Common Files\Oracle\Java\javapath;C:\WINDOWS\system32;C:\WINDOWS;C:\WINDOWS\System32\Wbem;C:\WINDOWS\System32\WindowsPowerShell\v1.0\;C:\WINDOWS\System32\OpenSSH\;C:\Program Files\Git\cmd;C:\Program Files\nodejs\;C:\Program Files\MySQL\MySQL Shell 8.0\bin\;C:\Users\elits\AppData\Local\Microsoft\WindowsApps;;C:\Users\elits\AppData\Local\Programs\Microsoft VS Code\bin;C:\Users\elits\AppData\Roaming\npm
USERNAME=ELITSOFT
OS=Windows_NT
PROCESSOR_IDENTIFIER=AMD64 Family 23 Model 24 Stepping 1, AuthenticAMD



---------------  S Y S T E M  ---------------

OS: Windows 10 , 64 bit Build 22621 (10.0.22621.2506)

CPU:total 8 (initial active 8) (8 cores per cpu, 2 threads per core) family 23 model 24 stepping 1, cmov, cx8, fxsr, mmx, sse, sse2, sse3, ssse3, sse4.1, sse4.2, popcnt, avx, avx2, aes, clmul, mmxext, 3dnowpref, lzcnt, sse4a, ht, tsc, tscinvbit, tscinv, bmi1, bmi2, adx, sha, fma

Memory: 4k page, system-wide physical 14249M (3946M free)
TotalPageFile size 20393M (AvailPageFile size 7466M)
current process WorkingSet (physical memory assigned to process): 257M, peak: 259M
current process commit charge ("private bytes"): 414M, peak: 416M

vm_info: OpenJDK 64-Bit Server VM (11.0.2+9) for windows-amd64 JRE (11.0.2+9), built on Jan 18 2019 05:23:22 by "mach5one" with MS VC++ 15.5 (VS2017)

END.
